2024-06-06 05:17:38: /api/v1/products/2dd: ::1: 400: Id must me number!
2024-06-06 05:18:18: /api/v1/products/2dd: ::1: 400: Id must me number!
2024-06-06 05:23:56: /api/v1/products/2dd: ::1: undefined: SQLITE_ERROR: no such column: NaN
2024-06-06 05:27:38: /api/v1/products/2dd: ::1: undefined: SQLITE_ERROR: no such column: NaN
2024-06-06 05:32:52: /api/v1/productsd: ::1: 404: Route /api/v1/productsd not exists
2024-06-06 05:34:41: /api/v1/products: ::1: 404: Route /api/v1/products not exists
2024-06-06 05:35:34: /api/v1/products: ::1: 404: Route /api/v1/products not exists
2024-06-06 05:35:48: /api/v1/products: ::1: 404: Route /api/v1/products not exists
2024-06-06 05:37:13: /api/v1/products: ::1: 404: Route /api/v1/products not exists
2024-06-06 05:38:21: /api/v1/products: ::1: 404: Route /api/v1/products not exists
2024-06-06 05:39:41: /api/v1/products: ::1: 404: Route /api/v1/products not exists
2024-06-06 05:40:14: /api/v1/products: ::1: 404: Route /api/v1/products not exists
2024-06-06 05:42:02: /api/v1/products: ::1: 404: Route /api/v1/products not exists
2024-06-06 05:42:18: /api/v1/products/1: ::1: 404: Route /api/v1/products/1 not exists
2024-06-06 05:42:45: /api/v1/products/1: ::1: 404: Route /api/v1/products/1 not exists
2024-06-06 05:43:31: /api/v1/products/1: ::1: 404: Route /api/v1/products/1 not exists
2024-06-06 05:43:32: /api/v1/products/1: ::1: 404: Route /api/v1/products/1 not exists
2024-06-06 05:52:39: /api/v1/user: ::1: 400: "email" must be a valid email
2024-06-06 05:52:46: /api/v1/user: ::1: 400: "email" must be a valid email
2024-06-06 05:52:50: /api/v1/user: ::1: 400: "email" must be a valid email
2024-06-06 05:53:03: /api/v1/user: ::1: 400: "password" length must be at least 4 characters long
2024-06-06 05:54:28: /api/v1/user: ::1: 400: "password" length must be at least 4 characters long
2024-06-06 05:54:34: /api/v1/user: ::1: undefined: SQL error
2024-06-06 05:56:11: /api/v1/user: ::1: undefined: SQL error
2024-06-06 05:56:50: /api/v1/user: ::1: undefined: SQL error
2024-06-06 05:57:39: /api/v1/user: ::1: undefined: SQL error
2024-06-06 05:57:56: /api/v1/user: ::1: undefined: SQL error
2024-06-06 05:58:50: /api/v1/user: ::1: 400: Email already taken.
2024-06-06 06:03:39: /api/v1/user: ::1: 400: Email already taken.
2024-06-06 07:22:34: /api/v1/user/login: ::1: undefined: Unauthorized
2024-06-06 07:22:49: /api/v1/user/login: ::1: undefined: Unauthorized
2024-06-06 07:23:12: /api/v1/user/login: ::1: undefined: Unauthorized
2024-06-06 07:32:09: /api/v1/products: ::1: undefined: Unauthorized
2024-06-06 07:33:51: /api/v1/products: ::1: 403: Unauthorized
2024-06-06 07:34:20: /api/v1/products: ::1: undefined: Unauthorized
2024-06-06 07:35:03: /api/v1/products: ::1: undefined: Unauthorized
2024-06-06 07:35:28: /api/v1/products: ::1: undefined: Unauthorized
2024-06-06 07:35:56: /api/v1/products: ::1: 403: Unauthorized
2024-06-06 07:37:25: /api/v1/products: ::1: 401: credential/token is missing
2024-06-06 07:38:03: /api/v1/products: ::1: 401: credential/token is missing or wrong
2024-06-06 07:38:13: /api/v1/products: ::1: 401: credential/token is missing or wrong
2024-06-06 07:38:32: /api/v1/products: ::1: 401: credential/token is missing or wrong
2024-06-06 07:39:11: /api/v1/user: ::1: 400: Email already taken.
2024-06-06 07:39:50: /api/v1/products: ::1: 401: credential/token is missing or wrong
2024-06-06 07:41:09: /api/v1/products: ::1: 401: credential/token is missing or wrong
2024-06-06 07:41:28: /api/v1/products: ::1: 401: credential/token is missing or wrong
2024-06-06 07:43:06: /api/v1/products: ::1: 401: credential/token is missing or wrong
2024-06-06 07:43:38: /api/v1/products: ::1: 401: credential/token is missing or wrong
2024-06-06 07:46:56: /api/v1/products: ::1: 401: credential/token is missing or wrong
2024-06-06 07:49:34: /api/v1/user/login: ::1: 401: credential/token is missing or wrong
2024-06-06 07:54:29: /api/v1/user/: ::1: 400: Email already taken.
2024-06-06 07:54:58: /api/v1/user/: ::1: 400: Email already taken.
2024-06-06 07:56:13: /api/v1/user/: ::1: 400: Email already taken.
2024-06-06 07:56:44: /api/v1/user/: ::1: 400: Email already taken.
2024-06-06 07:57:04: /api/v1/user/: ::1: 400: Email already taken.
2024-06-06 07:57:32: /api/v1/user/: ::1: 400: Email already taken.
2024-06-06 07:58:18: /api/v1/user/: ::1: 400: Email already taken.
2024-06-06 08:00:24: /api/v1/user/: ::1: undefined: structuredClone is not defined
2024-06-06 08:02:12: /api/v1/user/: ::1: undefined: structuredClone is not defined
2024-06-06 08:05:06: /api/v1/user/login: ::1: 401: credential/token is missing or wrong
2024-06-06 08:08:01: /api/v1/user/login: ::1: 401: credential/token is missing or wrong
2024-06-06 08:09:23: /api/v1/user/login: ::1: 401: credential/token is missing or wrong
2024-06-06 08:09:33: /api/v1/user/login: ::1: 401: credential/token is missing or wrong
2024-06-06 08:12:16: /api/v1/user/login: ::1: undefined: SQLITE_ERROR: near "@test": syntax error
2024-06-06 08:12:49: /api/v1/user/login: ::1: undefined: SQLITE_ERROR: near "@test": syntax error
2024-06-06 08:13:10: /api/v1/user/login: ::1: undefined: SQLITE_ERROR: near "@test": syntax error
2024-06-06 08:13:25: /api/v1/user/login: ::1: undefined: SQLITE_ERROR: near "@test": syntax error
2024-06-06 08:17:07: /api/v1/user/login: ::1: 401: email or password incorrect!
2024-06-06 08:17:26: /api/v1/user/login: ::1: undefined: SQLITE_ERROR: unrecognized token: ".2WSkDae_Dh"
2024-06-06 08:18:10: /api/v1/user/login: ::1: 401: email or password incorrect!
2024-06-06 08:23:37: /api/v1/user/login: ::1: undefined: SQLITE_ERROR: near "@test": syntax error
2024-06-06 08:24:06: /api/v1/user/login: ::1: undefined: SQLITE_ERROR: near "@test": syntax error
2024-06-06 08:59:22: /api/v1/user/login: ::1: undefined: SQLITE_ERROR: near "@test": syntax error
2024-06-06 09:04:06: /api/v1/products: ::1: 401: credential/token is missing or wrong
2024-06-06 09:13:45: /api/v1/products/1: ::1: 404: Route /api/v1/products/1 not exists
2024-06-06 09:14:04: /api/v1/products/1: ::1: 404: Route /api/v1/products/1 not exists
2024-06-06 09:14:32: /api/v1/products: ::1: 401: credential/token is missing or wrong
2024-06-06 09:14:54: /api/v1/products/1: ::1: 401: credential/token is missing or wrong
2024-06-06 09:15:24: /api/v1/products/1: ::1: 401: credential/token is missing or wrong
2024-06-06 09:15:43: /api/v1/products/1: ::1: 401: credential/token is missing or wrong
2024-06-06 09:16:22: /api/v1/products/1: ::1: 401: credential/token is missing or wrong
2024-06-06 09:16:44: /api/v1/products/1: ::1: 401: credential/token is missing or wrong
